
WARNING: The Trce option "-ucf" is either illegal or not supported by projNav and hence will not be added in the strategy file(maptimingextraeffort.xds) created by Smartxplorer.

Command Line : 
-------------
map C:\Users\Jagannath Paudel\Documents\fpga\alarm\smartxplorer_results\run1\top.ngd -timing -ol high -xe n -p xc3s500e-fg320-4 -o top_map.ncd C:\Users\Jagannath Paudel\Documents\fpga\alarm\smartxplorer_results\run1\top.pcf

Release 14.5 - Map P.58f (nt)
Copyright (c) 1995-2012 Xilinx, Inc.  All rights reserved.
Using target part "3s500efg320-4".
Mapping design into LUTs...
Writing file top_map.ngm...
Running directed packing...
Running delay-based LUT packing...
Updating timing models...
Running timing-driven placement...
Total REAL time at the beginning of Placer: 5 secs 
Total CPU  time at the beginning of Placer: 5 secs 

Phase 1.1  Initial Placement Analysis
Phase 1.1  Initial Placement Analysis (Checksum:f4e54011) REAL time: 6 secs 

Phase 2.7  Design Feasibility Check
Phase 2.7  Design Feasibility Check (Checksum:f4e54011) REAL time: 6 secs 

Phase 3.31  Local Placement Optimization
Phase 3.31  Local Placement Optimization (Checksum:f4e54011) REAL time: 6 secs 

Phase 4.2  Initial Clock and IO Placement

Phase 4.2  Initial Clock and IO Placement (Checksum:29c74031) REAL time: 7 secs 

Phase 5.30  Global Clock Region Assignment
Phase 5.30  Global Clock Region Assignment (Checksum:29c74031) REAL time: 7 secs 

Phase 6.36  Local Placement Optimization
Phase 6.36  Local Placement Optimization (Checksum:29c74031) REAL time: 7 secs 

Phase 7.8  Global Placement
........
..
Phase 7.8  Global Placement (Checksum:5db3c84f) REAL time: 14 secs 

Phase 8.5  Local Placement Optimization
Phase 8.5  Local Placement Optimization (Checksum:5db3c84f) REAL time: 14 secs 

Phase 9.18  Placement Optimization
Phase 9.18  Placement Optimization (Checksum:b42e488b) REAL time: 15 secs 

Phase 10.5  Local Placement Optimization
Phase 10.5  Local Placement Optimization (Checksum:b42e488b) REAL time: 15 secs 

Total REAL time to Placer completion: 15 secs 
Total CPU  time to Placer completion: 14 secs 
Running post-placement packing...

Design Summary:
Number of errors:      0
Number of warnings:    0
Logic Utilization:
  Number of Slice Flip Flops:            27 out of   9,312    1%
  Number of 4 input LUTs:                26 out of   9,312    1%
Logic Distribution:
  Number of occupied Slices:             29 out of   4,656    1%
    Number of Slices containing only related logic:      29 out of      29 100%
    Number of Slices containing unrelated logic:          0 out of      29   0%
      *See NOTES below for an explanation of the effects of unrelated logic.
  Total Number of 4 input LUTs:          26 out of   9,312    1%
  Number of bonded IOBs:                 13 out of     232    5%
  Number of BUFGMUXs:                     2 out of      24    8%
  Number of DCMs:                         1 out of       4   25%

Average Fanout of Non-Clock Nets:                3.02

Peak Memory Usage:  291 MB
Total REAL time to MAP completion:  16 secs 
Total CPU time to MAP completion:   14 secs 

Mapping completed.
See MAP report file "top_map.mrp" for details.

Command Line : 
-------------
par C:\Users\Jagannath Paudel\Documents\fpga\alarm\smartxplorer_results\run1\top.ngd -ol high -w top.ncd C:\Users\Jagannath Paudel\Documents\fpga\alarm\smartxplorer_results\run1\top.pcf

Release 14.5 - par P.58f (nt)
Copyright (c) 1995-2012 Xilinx, Inc.  All rights reserved.



Constraints file: C:\Users\Jagannath Paudel\Documents\fpga\alarm\smartxplorer_results\run1\top.pcf.
Loading device for application Rf_Device from file '3s500e.nph' in environment C:\Xilinx\14.5\ISE_DS\ISE\.
   "top" is an NCD, version 3.2, device xc3s500e, package fg320, speed -4

Initializing temperature to 85.000 Celsius. (default - Range: -40.000 to 100.000 Celsius)
Initializing voltage to 1.140 Volts. (default - Range: 1.140 to 1.320 Volts)


Device speed data version:  "PRODUCTION 1.27 2013-03-26".



Design Summary Report:

 Number of External IOBs                          13 out of 232     5%

   Number of External Input IOBs                  7

      Number of External Input IBUFs              7
        Number of LOCed External Input IBUFs      7 out of 7     100%


   Number of External Output IOBs                 6

      Number of External Output IOBs              6
        Number of LOCed External Output IOBs      6 out of 6     100%


   Number of External Bidir IOBs                  0


   Number of BUFGMUXs                        2 out of 24      8%
   Number of DCMs                            1 out of 4      25%
   Number of Slices                         29 out of 4656    1%
      Number of SLICEMs                      0 out of 2328    0%



Overall effort level (-ol):   High 
Router effort level (-rl):    High 

Starting initial Timing Analysis.  REAL time: 11 secs 
Finished initial Timing Analysis.  REAL time: 11 secs 

Starting Router


Phase  1  : 184 unrouted;      REAL time: 24 secs 

Phase  2  : 155 unrouted;      REAL time: 24 secs 

Phase  3  : 33 unrouted;      REAL time: 24 secs 

Phase  4  : 33 unrouted; (Setup:0, Hold:0, Component Switching Limit:0)     REAL time: 26 secs 

Phase  5  : 0 unrouted; (Setup:0, Hold:0, Component Switching Limit:0)     REAL time: 26 secs 

Updating file: top.ncd with current fully routed design.

Phase  6  : 0 unrouted; (Setup:0, Hold:0, Component Switching Limit:0)     REAL time: 26 secs 

Phase  7  : 0 unrouted; (Setup:0, Hold:0, Component Switching Limit:0)     REAL time: 26 secs 

Phase  8  : 0 unrouted; (Setup:0, Hold:0, Component Switching Limit:0)     REAL time: 26 secs 

Total REAL time to Router completion: 26 secs 
Total CPU time to Router completion: 24 secs 

Partition Implementation Status
-------------------------------

  No Partitions were found in this design.

-------------------------------

Generating "PAR" statistics.

**************************
Generating Clock Report
**************************

+---------------------+--------------+------+------+------------+-------------+
|        Clock Net    |   Resource   |Locked|Fanout|Net Skew(ns)|Max Delay(ns)|
+---------------------+--------------+------+------+------------+-------------+
|                 clk | BUFGMUX_X1Y10| No   |   26 |  0.057     |  0.188      |
+---------------------+--------------+------+------+------------+-------------+

* Net Skew is the difference between the minimum and maximum routing
only delays for the net. Note this is different from Clock Skew which
is reported in TRCE timing report. Clock Skew is the difference between
the minimum and maximum path delays which includes logic delays.

* The fanout is the number of component pins not the individual BEL loads,
for example SLICE loads not FF loads.

Timing Score: 0 (Setup: 0, Hold: 0, Component Switching Limit: 0)

Number of Timing Constraints that were not applied: 1

Asterisk (*) preceding a constraint indicates it was not met.
   This may be due to a setup or hold violation.

----------------------------------------------------------------------------------------------------------
  Constraint                                |    Check    | Worst Case |  Best Case | Timing |   Timing   
                                            |             |    Slack   | Achievable | Errors |    Score   
----------------------------------------------------------------------------------------------------------
  TS_Inst_myclock_CLK2X_BUF = PERIOD TIMEGR | SETUP       |     2.735ns|     7.265ns|       0|           0
  P "Inst_myclock_CLK2X_BUF" TS_clkin /     | HOLD        |     1.033ns|            |       0|           0
       2 HIGH 50%                           |             |            |            |        |            
----------------------------------------------------------------------------------------------------------
  TS_clkin = PERIOD TIMEGRP "clkin" 20 ns H | MINLOWPULSE |    14.000ns|     6.000ns|       0|           0
  IGH 50%                                   |             |            |            |        |            
----------------------------------------------------------------------------------------------------------


Derived Constraint Report
Review Timing Report for more details on the following derived constraints.
To create a Timing Report, run "trce -v 12 -fastpaths -o design_timing_report design.ncd design.pcf"
or "Run Timing Analysis" from Timing Analyzer (timingan).
Derived Constraints for TS_clkin
+-------------------------------+-------------+-------------+-------------+-------------+-------------+-------------+-------------+
|                               |   Period    |       Actual Period       |      Timing Errors        |      Paths Analyzed       |
|           Constraint          | Requirement |-------------+-------------|-------------+-------------|-------------+-------------|
|                               |             |   Direct    | Derivative  |   Direct    | Derivative  |   Direct    | Derivative  |
+-------------------------------+-------------+-------------+-------------+-------------+-------------+-------------+-------------+
|TS_clkin                       |     20.000ns|      6.000ns|     14.530ns|            0|            0|            0|          276|
| TS_Inst_myclock_CLK2X_BUF     |     10.000ns|      7.265ns|          N/A|            0|            0|          276|            0|
+-------------------------------+-------------+-------------+-------------+-------------+-------------+-------------+-------------+

All constraints were met.


Generating Pad Report.

All signals are completely routed.

Total REAL time to PAR completion: 28 secs 
Total CPU time to PAR completion: 25 secs 

Peak Memory Usage:  270 MB

Placer: Placement generated during map.
Routing: Completed - No errors found.
Timing: Completed - No errors found.

Number of error messages: 0
Number of warning messages: 0
Number of info messages: 0

Writing design to file top.ncd



PAR done!

Command Line : 
-------------
trce C:\Users\Jagannath Paudel\Documents\fpga\alarm\smartxplorer_results\run1\top.ngd C:\Users\Jagannath Paudel\Documents\fpga\alarm\smartxplorer_results\run1\top.pcf -xml C:\Users\Jagannath Paudel\Documents\fpga\alarm\smartxplorer_results\run1\top.twx -v 3 -s 4 -n 3 -fastpaths -ucf top.ucf -o C:\Users\Jagannath Paudel\Documents\fpga\alarm\smartxplorer_results\run1\top.twr

Release 14.5 - Trace  (nt)
Copyright (c) 1995-2012 Xilinx, Inc.  All rights reserved.


Loading device for application Rf_Device from file '3s500e.nph' in environment
C:\Xilinx\14.5\ISE_DS\ISE\.
   "top" is an NCD, version 3.2, device xc3s500e, package fg320, speed -4
--------------------------------------------------------------------------------
Release 14.5 Trace  (nt)
Copyright (c) 1995-2012 Xilinx, Inc.  All rights reserved.

C:\Xilinx\14.5\ISE_DS\ISE\bin\nt\unwrapped\trce.exe
C:\Users\Jagannath Paudel\Documents\fpga\alarm\smartxplorer_results\run1\top.ncd
C:\Users\Jagannath Paudel\Documents\fpga\alarm\smartxplorer_results\run1\top.pcf
-xml
C:\Users\Jagannath Paudel\Documents\fpga\alarm\smartxplorer_results\run1\top.twx
-v 3 -s 4 -n 3 -fastpaths -ucf top.ucf -o
C:\Users\Jagannath Paudel\Documents\fpga\alarm\smartxplorer_results\run1\top.twr


Design file:              top.ncd
Physical constraint file: top.pcf
Device,speed:             xc3s500e,-4 (PRODUCTION 1.27 2013-03-26)
Report level:             verbose report
--------------------------------------------------------------------------------

INFO:Timing:3412 - To improve timing, see the Timing Closure User Guide (UG612).
INFO:Timing:2752 - To get complete path coverage, use the unconstrained paths
   option. All paths that are not constrained will be reported in the
   unconstrained paths section(s) of the report.
INFO:Timing:3339 - The clock-to-out numbers in this timing report are based on a
   50 Ohm transmission line loading model.  For the details of this model, and
   for more information on accounting for different loading conditions, please
   see the device datasheet.
INFO:Timing:3390 - This architecture does not support a default System Jitter
   value, please add SYSTEM_JITTER constraint to the UCF to modify the Clock
   Uncertainty calculation.
INFO:Timing:3389 - This architecture does not support 'Discrete Jitter' and
   'Phase Error' calculations, these terms will be zero in the Clock Uncertainty
   calculation.  Please make appropriate modification to SYSTEM_JITTER to
   account for the unsupported Discrete Jitter and Phase Error.


Timing summary:
---------------

Timing errors: 0  Score: 0 (Setup/Max: 0, Hold: 0)

Constraints cover 276 paths, 0 nets, and 137 connections

Design statistics:
   Minimum period:   7.265ns (Maximum frequency: 137.646MHz)


Analysis completed Mon Oct 10 13:51:13 2016
--------------------------------------------------------------------------------

Generating Report ...

Number of warnings: 0
Number of info messages: 5
Total time: 3 secs 
