
****** PlanAhead v14.5 (64-bit)
  **** Build 247527 by xbuild on Mon Mar 25 17:13:07 MDT 2013
    ** Copyright 1986-1999, 2001-2012 Xilinx, Inc. All Rights Reserved.

INFO: [Common 17-78] Attempting to get a license: PlanAhead
INFO: [Common 17-290] Got license for PlanAhead
INFO: [Device 21-36] Loading parts and site information from C:/Xilinx/14.5/ISE_DS/PlanAhead/data/parts/arch.xml
Parsing RTL primitives file [C:/Xilinx/14.5/ISE_DS/PlanAhead/data/parts/xilinx/rtl/prims/rtl_prims.xml]
Finished parsing RTL primitives file [C:/Xilinx/14.5/ISE_DS/PlanAhead/data/parts/xilinx/rtl/prims/rtl_prims.xml]
start_gui
source {C:/Users/Jagannath Paudel/Documents/fpga/alarm/pa.fromNetlist.tcl}
# create_project -name alarm -dir "C:/Users/Jagannath Paudel/Documents/fpga/alarm/planAhead_run_1" -part xc3s500efg320-4
# set_property design_mode GateLvl [get_property srcset [current_run -impl]]
# set_property edif_top_file "C:/Users/Jagannath Paudel/Documents/fpga/alarm/top.ngc" [ get_property srcset [ current_run ] ]
# add_files -norecurse { {C:/Users/Jagannath Paudel/Documents/fpga/alarm} }
# set_param project.pinAheadLayout  yes
# set_property target_constrs_file "top.ucf" [current_fileset -constrset]
Adding file 'C:/Users/Jagannath Paudel/Documents/fpga/alarm/top.ucf' to fileset 'constrs_1'
# add_files [list {top.ucf}] -fileset [get_property constrset [current_run]]
# link_design
Design is defaulting to srcset: sources_1
Design is defaulting to constrset: constrs_1
Design is defaulting to project part: xc3s500efg320-4
Release 14.5 - ngc2edif P.58f (nt64)
Copyright (c) 1995-2012 Xilinx, Inc.  All rights reserved.
Reading design top.ngc ...
WARNING:NetListWriters:298 - No output is written to top.xncf, ignored.
Processing design ...
   Preping design's networks ...
   Preping design's macros ...
  finished :Prep
Writing EDIF netlist file top.edif ...
ngc2edif: Total memory usage is 91996 kilobytes

Parsing EDIF File [./planAhead_run_1/alarm.data/cache/top_ngc_zx.edif]
Finished Parsing EDIF File [./planAhead_run_1/alarm.data/cache/top_ngc_zx.edif]
INFO: [Designutils 20-910] Reading macro library C:/Xilinx/14.5/ISE_DS/PlanAhead/data\./parts/xilinx/spartan3e/spartan3e/hd_int_macros.edn
Parsing EDIF File [C:/Xilinx/14.5/ISE_DS/PlanAhead/data\./parts/xilinx/spartan3e/spartan3e/hd_int_macros.edn]
Finished Parsing EDIF File [C:/Xilinx/14.5/ISE_DS/PlanAhead/data\./parts/xilinx/spartan3e/spartan3e/hd_int_macros.edn]
Loading clock regions from C:/Xilinx/14.5/ISE_DS/PlanAhead/data\parts/xilinx/spartan3e/spartan3e/xc3s500e/ClockRegion.xml
Loading clock buffers from C:/Xilinx/14.5/ISE_DS/PlanAhead/data\parts/xilinx/spartan3e/spartan3e/xc3s500e/ClockBuffers.xml
Loading package from C:/Xilinx/14.5/ISE_DS/PlanAhead/data\parts/xilinx/spartan3e/spartan3e/xc3s500e/fg320/Package.xml
Loading io standards from C:/Xilinx/14.5/ISE_DS/PlanAhead/data\./parts/xilinx/spartan3e/IOStandards.xml
INFO: [Device 21-19] Loading pkg sso from C:/Xilinx/14.5/ISE_DS/PlanAhead/data\parts/xilinx/spartan3e/spartan3e/xc3s500e/fg320/SSORules.xml
Loading list of drcs for the architecture : C:/Xilinx/14.5/ISE_DS/PlanAhead/data\./parts/xilinx/spartan3e/spartan3e/drc.xml
INFO: [Timing 38-77] Reading timing library C:/Xilinx/14.5/ISE_DS/PlanAhead/data\parts/xilinx/spartan3e/spartan3e/spartan3e-4.lib.
INFO: [Timing 38-34] Done reading timing library C:/Xilinx/14.5/ISE_DS/PlanAhead/data\parts/xilinx/spartan3e/spartan3e/spartan3e-4.lib.
Parsing UCF File [C:/Users/Jagannath Paudel/Documents/fpga/alarm/top.ucf]
Finished Parsing UCF File [C:/Users/Jagannath Paudel/Documents/fpga/alarm/top.ucf]
INFO: [Project 1-111] Unisim Transformation Summary:
No Unisim elements were transformed.

Phase 0 | Netlist Checksum: fba20e6e
link_design: Time (s): elapsed = 00:00:15 . Memory (MB): peak = 580.172 ; gain = 95.305
